[debug] [2021-11-19T15:43:52.644Z] ----------------------------------------------------------------------
[debug] [2021-11-19T15:43:52.646Z] Command:       C:\Program Files\nodejs\node.exe C:\Users\User\AppData\Roaming\npm\node_modules\firebase-tools\lib\bin\firebase.js deploy
[debug] [2021-11-19T15:43:52.646Z] CLI Version:   9.21.0
[debug] [2021-11-19T15:43:52.646Z] Platform:      win32
[debug] [2021-11-19T15:43:52.646Z] Node Version:  v14.15.1
[debug] [2021-11-19T15:43:52.647Z] Time:          Fri Nov 19 2021 21:43:52 GMT+0600 (Bangladesh Standard Time)
[debug] [2021-11-19T15:43:52.647Z] ----------------------------------------------------------------------
[debug] 
[debug] [2021-11-19T15:43:52.691Z] > command requires scopes: ["email","openid","https://www.googleapis.com/auth/cloudplatformprojects.readonly","https://www.googleapis.com/auth/firebase","https://www.googleapis.com/auth/cloud-platform"]
[debug] [2021-11-19T15:43:52.691Z] > authorizing via signed-in user (rejuyanhossainshawon1@gmail.com)
[debug] [2021-11-19T15:43:52.691Z] [iam] checking project car-shop-52dcd for permissions ["firebase.projects.get","firebasehosting.sites.update"]
[debug] [2021-11-19T15:43:52.693Z] > refreshing access token with scopes: ["email","https://www.googleapis.com/auth/cloud-platform","https://www.googleapis.com/auth/cloudplatformprojects.readonly","https://www.googleapis.com/auth/firebase","openid"]
[debug] [2021-11-19T15:43:52.693Z] >>> HTTP REQUEST POST https://www.googleapis.com/oauth2/v3/token  
 <request body omitted>
[debug] [2021-11-19T15:43:52.950Z] <<< HTTP RESPONSE 200 {"cache-control":"no-cache, no-store, max-age=0, must-revalidate","expires":"Mon, 01 Jan 1990 00:00:00 GMT","pragma":"no-cache","date":"Fri, 19 Nov 2021 15:43:13 GMT","content-type":"application/json; charset=utf-8","vary":"X-Origin, Referer, Origin,Accept-Encoding","server":"scaffolding on HTTPServer2","x-xss-protection":"0","x-frame-options":"SAMEORIGIN","x-content-type-options":"nosniff","alt-svc":"h3=\":443\"; ma=2592000,h3-29=\":443\"; ma=2592000,h3-Q050=\":443\"; ma=2592000,h3-Q046=\":443\"; ma=2592000,h3-Q043=\":443\"; ma=2592000,quic=\":443\"; ma=2592000; v=\"46,43\"","accept-ranges":"none","transfer-encoding":"chunked"}
[debug] [2021-11-19T15:43:52.966Z] >>> HTTP REQUEST POST https://cloudresourcemanager.googleapis.com/v1/projects/car-shop-52dcd:testIamPermissions  
 {"permissions":["firebase.projects.get","firebasehosting.sites.update"]}
[debug] [2021-11-19T15:43:54.133Z] <<< HTTP RESPONSE 200 {"content-type":"application/json; charset=UTF-8","vary":"X-Origin, Referer, Origin,Accept-Encoding","date":"Fri, 19 Nov 2021 15:43:14 GMT","server":"ESF","cache-control":"private","x-xss-protection":"0","x-frame-options":"SAMEORIGIN","x-content-type-options":"nosniff","server-timing":"gfet4t7; dur=952","alt-svc":"h3=\":443\"; ma=2592000,h3-29=\":443\"; ma=2592000,h3-Q050=\":443\"; ma=2592000,h3-Q046=\":443\"; ma=2592000,h3-Q043=\":443\"; ma=2592000,quic=\":443\"; ma=2592000; v=\"46,43\"","accept-ranges":"none","transfer-encoding":"chunked"}
[debug] [2021-11-19T15:43:54.138Z] > refreshing access token with scopes: []
[debug] [2021-11-19T15:43:54.138Z] >>> HTTP REQUEST POST https://www.googleapis.com/oauth2/v3/token  
 <request body omitted>
[debug] [2021-11-19T15:43:54.467Z] <<< HTTP RESPONSE 200 {"date":"Fri, 19 Nov 2021 15:43:14 GMT","pragma":"no-cache","expires":"Mon, 01 Jan 1990 00:00:00 GMT","cache-control":"no-cache, no-store, max-age=0, must-revalidate","content-type":"application/json; charset=utf-8","vary":"X-Origin, Referer, Origin,Accept-Encoding","server":"scaffolding on HTTPServer2","x-xss-protection":"0","x-frame-options":"SAMEORIGIN","x-content-type-options":"nosniff","alt-svc":"h3=\":443\"; ma=2592000,h3-29=\":443\"; ma=2592000,h3-Q050=\":443\"; ma=2592000,h3-Q046=\":443\"; ma=2592000,h3-Q043=\":443\"; ma=2592000,quic=\":443\"; ma=2592000; v=\"46,43\"","accept-ranges":"none","transfer-encoding":"chunked"}
[debug] [2021-11-19T15:43:54.477Z] >>> [apiv2][query] GET https://firebase.googleapis.com/v1beta1/projects/car-shop-52dcd [none]
[debug] [2021-11-19T15:43:55.675Z] <<< [apiv2][status] GET https://firebase.googleapis.com/v1beta1/projects/car-shop-52dcd 200
[debug] [2021-11-19T15:43:55.675Z] <<< [apiv2][body] GET https://firebase.googleapis.com/v1beta1/projects/car-shop-52dcd {"projectId":"car-shop-52dcd","projectNumber":"82302772906","displayName":"Car-Shop","name":"projects/car-shop-52dcd","resources":{"hostingSite":"car-shop-52dcd"},"state":"ACTIVE"}
[info] 
[info] === Deploying to 'car-shop-52dcd'...
[info] 
[info] i  deploying hosting 
[debug] [2021-11-19T15:43:55.679Z] > refreshing access token with scopes: ["email","https://www.googleapis.com/auth/cloud-platform","https://www.googleapis.com/auth/cloudplatformprojects.readonly","https://www.googleapis.com/auth/firebase","openid"]
[debug] [2021-11-19T15:43:55.679Z] >>> HTTP REQUEST POST https://www.googleapis.com/oauth2/v3/token  
 <request body omitted>
[debug] [2021-11-19T15:43:55.909Z] <<< HTTP RESPONSE 200 {"pragma":"no-cache","date":"Fri, 19 Nov 2021 15:43:16 GMT","expires":"Mon, 01 Jan 1990 00:00:00 GMT","cache-control":"no-cache, no-store, max-age=0, must-revalidate","content-type":"application/json; charset=utf-8","vary":"X-Origin, Referer, Origin,Accept-Encoding","server":"scaffolding on HTTPServer2","x-xss-protection":"0","x-frame-options":"SAMEORIGIN","x-content-type-options":"nosniff","alt-svc":"h3=\":443\"; ma=2592000,h3-29=\":443\"; ma=2592000,h3-Q050=\":443\"; ma=2592000,h3-Q046=\":443\"; ma=2592000,h3-Q043=\":443\"; ma=2592000,quic=\":443\"; ma=2592000; v=\"46,43\"","accept-ranges":"none","transfer-encoding":"chunked"}
[debug] [2021-11-19T15:43:55.917Z] >>> HTTP REQUEST POST https://firebasehosting.googleapis.com/v1beta1/sites/car-shop-52dcd/versions  
 {"config":{"rewrites":[{"glob":"**","path":"/index.html"}]},"labels":{"deployment-tool":"cli-firebase"}}
[debug] [2021-11-19T15:43:57.525Z] <<< HTTP RESPONSE 200 {"content-type":"application/json; charset=UTF-8","vary":"X-Origin, Referer, Origin,Accept-Encoding","date":"Fri, 19 Nov 2021 15:43:17 GMT","server":"ESF","cache-control":"private","x-xss-protection":"0","x-frame-options":"SAMEORIGIN","x-content-type-options":"nosniff","alt-svc":"h3=\":443\"; ma=2592000,h3-29=\":443\"; ma=2592000,h3-Q050=\":443\"; ma=2592000,h3-Q046=\":443\"; ma=2592000,h3-Q043=\":443\"; ma=2592000,quic=\":443\"; ma=2592000; v=\"46,43\"","accept-ranges":"none","transfer-encoding":"chunked"}
[info] i  hosting[car-shop-52dcd]: beginning deploy... 
[info] i  hosting[car-shop-52dcd]: found 24 files in build 
[debug] [2021-11-19T15:43:57.546Z] > refreshing access token with scopes: []
[debug] [2021-11-19T15:43:57.546Z] >>> HTTP REQUEST POST https://www.googleapis.com/oauth2/v3/token  
 <request body omitted>
[debug] [2021-11-19T15:43:57.547Z] [hosting] hash cache [YnVpbGQ] stored for 24 files
[debug] [2021-11-19T15:43:57.548Z] [hosting][hash queue][FINAL] {"max":2,"min":0,"avg":0,"active":0,"complete":24,"success":24,"errored":0,"retried":0,"total":24,"elapsed":5}
[debug] [2021-11-19T15:43:57.775Z] <<< HTTP RESPONSE 200 {"date":"Fri, 19 Nov 2021 15:43:18 GMT","expires":"Mon, 01 Jan 1990 00:00:00 GMT","pragma":"no-cache","cache-control":"no-cache, no-store, max-age=0, must-revalidate","content-type":"application/json; charset=utf-8","vary":"X-Origin, Referer, Origin,Accept-Encoding","server":"scaffolding on HTTPServer2","x-xss-protection":"0","x-frame-options":"SAMEORIGIN","x-content-type-options":"nosniff","alt-svc":"h3=\":443\"; ma=2592000,h3-29=\":443\"; ma=2592000,h3-Q050=\":443\"; ma=2592000,h3-Q046=\":443\"; ma=2592000,h3-Q043=\":443\"; ma=2592000,quic=\":443\"; ma=2592000; v=\"46,43\"","accept-ranges":"none","transfer-encoding":"chunked"}
[debug] [2021-11-19T15:43:57.781Z] >>> [apiv2][query] POST https://firebasehosting.googleapis.com/v1beta1/sites/car-shop-52dcd/versions/206a5ab938868c61:populateFiles [none]
[debug] [2021-11-19T15:43:57.782Z] >>> [apiv2][body] POST https://firebasehosting.googleapis.com/v1beta1/sites/car-shop-52dcd/versions/206a5ab938868c61:populateFiles {"files":{"/asset-manifest.json":"80c3fa3b30e3cb07db6e070c0136b450662531669e21d9eb9b928b0dbecf85c3","/favicon.ico":"eae62e993eb980ec8a25058c39d5a51feab118bd2100c4deebb2a9c158ec11f9","/index.html":"07ee917f5e9c723d64eabbf1f72b0fb9d44bf97a9f53734a7a0b7317043b9987","/logo192.png":"3ee59515172ee198f3be375979df15ac5345183e656720a381b8872b2a39dc8b","/logo512.png":"ee7e2f3fdb8209c4b6fd7bef6ba50d1b9dba30a25bb5c3126df057e1cb6f5331","/manifest.json":"aff3449bdc238776f5d6d967f19ec491b36aed5fb7f23ccff6500736fd58494a","/robots.txt":"bfe106a3fb878dc83461c86818bf74fc1bdc7f28538ba613cd3e775516ce8b49","/static/css/main.8c8b27cf.chunk.css":"850bc16f7678f79f886c9febec0b79034002882ca68aeb13470b574d81dac66a","/static/css/main.8c8b27cf.chunk.css.map":"4328ed535cb7dddf41685d7de12d64bd6864c881392ce1c400e9cbeb8a7e6b82","/static/js/2.4da51c58.chunk.js":"909653c5e9f222be7b299d0645d54adee4846a6174435949f102212d885187c3","/static/js/2.4da51c58.chunk.js.LICENSE.txt":"946432027486ffaf0f8e3084518b1f352b86b9482cc7b4ebcee78caa27e618b4","/static/js/2.4da51c58.chunk.js.map":"e4d60e434b1619b1e7301a67f525011c1da0615f55891a63e20c0fc98d9131eb","/static/js/3.f316fd68.chunk.js":"186edc8b21ad2a66915fa5aad4c01f6b6177e35c206df7a4596fc6415fd1cc5d","/static/js/3.f316fd68.chunk.js.map":"30879276499d2274b392412dc4d515411b007e62feab1c1ea2245b618b4019f6","/static/js/main.66f612b8.chunk.js":"a414bc5f241fd1964e651ccfc8ccb58296c8555976c8da237af40363f6ead881","/static/js/main.66f612b8.chunk.js.map":"78f818c926de1a422a5a6fa9fa4c729ef92688ef2f4fcd7620a22a416e64ff05","/static/js/runtime-main.9315193c.js":"bd21c803e74dc3d4b818569471eb69ffa5858a14f54202e3f8522c86f5e2a4cd","/static/js/runtime-main.9315193c.js.map":"42d9bca8664d0ab19212b4c93c984b1b9e6d985ac581b16b9af23fef5246e9d5","/static/media/dashboardBg.f2498b78.jpg":"0922e7061744b9bd0ed2a15323c8f01f08b0c58981368e046090a339c7d2b5e5","/static/media/homeBanner.866dfebf.jpg":"26b0949cf5d10dfee34382a1ae63b88300b6aa7350af40a628948b8852f2a803","/static/media/logo.6ce24c58.svg":"ac1a3d8899432561573d6a5cf56459437c09b902599a1deb91c0f8d4bb40459d","/static/media/upcoming1.be47d18e.jpg":"60c6f76b487745db6ab4a646b7b43eb45bef2da84ed1e8ffeb229aa94aca8c82","/static/media/upcoming2.81f4c523.jpg":"882fe9f9a18eb5373089d4310339875d2e034ebbfcc6df0aca1a3803223360c5","/static/media/upcoming3.4cd90a86.jpg":"e4d7e92718d3a60f15c5ea993d419dc4a93fa5edfa06fc6d828922dad8569604"}}
[debug] [2021-11-19T15:43:59.224Z] <<< [apiv2][status] POST https://firebasehosting.googleapis.com/v1beta1/sites/car-shop-52dcd/versions/206a5ab938868c61:populateFiles 200
[debug] [2021-11-19T15:43:59.225Z] <<< [apiv2][body] POST https://firebasehosting.googleapis.com/v1beta1/sites/car-shop-52dcd/versions/206a5ab938868c61:populateFiles {"uploadRequiredHashes":["26b0949cf5d10dfee34382a1ae63b88300b6aa7350af40a628948b8852f2a803","e4d60e434b1619b1e7301a67f525011c1da0615f55891a63e20c0fc98d9131eb"],"uploadUrl":"https://upload-firebasehosting.googleapis.com/upload/sites/car-shop-52dcd/versions/206a5ab938868c61/files"}
[debug] [2021-11-19T15:43:59.226Z] >>> [apiv2][query] POST https://upload-firebasehosting.googleapis.com/upload/sites/car-shop-52dcd/versions/206a5ab938868c61/files/26b0949cf5d10dfee34382a1ae63b88300b6aa7350af40a628948b8852f2a803 [none]
[debug] [2021-11-19T15:43:59.226Z] >>> [apiv2][body] POST https://upload-firebasehosting.googleapis.com/upload/sites/car-shop-52dcd/versions/206a5ab938868c61/files/26b0949cf5d10dfee34382a1ae63b88300b6aa7350af40a628948b8852f2a803 [stream]
[debug] [2021-11-19T15:43:59.226Z] >>> [apiv2][query] POST https://upload-firebasehosting.googleapis.com/upload/sites/car-shop-52dcd/versions/206a5ab938868c61/files/e4d60e434b1619b1e7301a67f525011c1da0615f55891a63e20c0fc98d9131eb [none]
[debug] [2021-11-19T15:43:59.226Z] >>> [apiv2][body] POST https://upload-firebasehosting.googleapis.com/upload/sites/car-shop-52dcd/versions/206a5ab938868c61/files/e4d60e434b1619b1e7301a67f525011c1da0615f55891a63e20c0fc98d9131eb [stream]
[debug] [2021-11-19T15:43:59.227Z] [hosting][populate queue][FINAL] {"max":1680,"min":1680,"avg":1680,"active":0,"complete":1,"success":1,"errored":0,"retried":0,"total":1,"elapsed":1681}
[debug] [2021-11-19T15:43:59.227Z] [hosting] uploads queued: 2
[debug] [2021-11-19T15:44:29.641Z] [uploadQueue] Retrying task 26b0949cf5d10dfee34382a1ae63b88300b6aa7350af40a628948b8852f2a803
[debug] [2021-11-19T15:44:29.642Z] >>> [apiv2][query] POST https://upload-firebasehosting.googleapis.com/upload/sites/car-shop-52dcd/versions/206a5ab938868c61/files/26b0949cf5d10dfee34382a1ae63b88300b6aa7350af40a628948b8852f2a803 [none]
[debug] [2021-11-19T15:44:29.642Z] >>> [apiv2][body] POST https://upload-firebasehosting.googleapis.com/upload/sites/car-shop-52dcd/versions/206a5ab938868c61/files/26b0949cf5d10dfee34382a1ae63b88300b6aa7350af40a628948b8852f2a803 [stream]
[debug] [2021-11-19T15:44:45.255Z] [uploadQueue] Retrying task e4d60e434b1619b1e7301a67f525011c1da0615f55891a63e20c0fc98d9131eb
[debug] [2021-11-19T15:44:45.256Z] >>> [apiv2][query] POST https://upload-firebasehosting.googleapis.com/upload/sites/car-shop-52dcd/versions/206a5ab938868c61/files/e4d60e434b1619b1e7301a67f525011c1da0615f55891a63e20c0fc98d9131eb [none]
[debug] [2021-11-19T15:44:45.257Z] >>> [apiv2][body] POST https://upload-firebasehosting.googleapis.com/upload/sites/car-shop-52dcd/versions/206a5ab938868c61/files/e4d60e434b1619b1e7301a67f525011c1da0615f55891a63e20c0fc98d9131eb [stream]
[debug] [2021-11-19T15:45:00.443Z] [uploadQueue] Retrying task 26b0949cf5d10dfee34382a1ae63b88300b6aa7350af40a628948b8852f2a803
[debug] [2021-11-19T15:45:00.444Z] >>> [apiv2][query] POST https://upload-firebasehosting.googleapis.com/upload/sites/car-shop-52dcd/versions/206a5ab938868c61/files/26b0949cf5d10dfee34382a1ae63b88300b6aa7350af40a628948b8852f2a803 [none]
[debug] [2021-11-19T15:45:00.444Z] >>> [apiv2][body] POST https://upload-firebasehosting.googleapis.com/upload/sites/car-shop-52dcd/versions/206a5ab938868c61/files/26b0949cf5d10dfee34382a1ae63b88300b6aa7350af40a628948b8852f2a803 [stream]
[debug] [2021-11-19T15:45:30.633Z] <<< [apiv2][status] POST https://upload-firebasehosting.googleapis.com/upload/sites/car-shop-52dcd/versions/206a5ab938868c61/files/e4d60e434b1619b1e7301a67f525011c1da0615f55891a63e20c0fc98d9131eb 200
[debug] [2021-11-19T15:45:30.634Z] <<< [apiv2][body] POST https://upload-firebasehosting.googleapis.com/upload/sites/car-shop-52dcd/versions/206a5ab938868c61/files/e4d60e434b1619b1e7301a67f525011c1da0615f55891a63e20c0fc98d9131eb [stream]
[debug] [2021-11-19T15:45:32.047Z] [uploadQueue] Retrying task 26b0949cf5d10dfee34382a1ae63b88300b6aa7350af40a628948b8852f2a803
[debug] [2021-11-19T15:45:32.047Z] >>> [apiv2][query] POST https://upload-firebasehosting.googleapis.com/upload/sites/car-shop-52dcd/versions/206a5ab938868c61/files/26b0949cf5d10dfee34382a1ae63b88300b6aa7350af40a628948b8852f2a803 [none]
[debug] [2021-11-19T15:45:32.047Z] >>> [apiv2][body] POST https://upload-firebasehosting.googleapis.com/upload/sites/car-shop-52dcd/versions/206a5ab938868c61/files/26b0949cf5d10dfee34382a1ae63b88300b6aa7350af40a628948b8852f2a803 [stream]
[debug] [2021-11-19T15:45:36.122Z] <<< [apiv2][status] POST https://upload-firebasehosting.googleapis.com/upload/sites/car-shop-52dcd/versions/206a5ab938868c61/files/26b0949cf5d10dfee34382a1ae63b88300b6aa7350af40a628948b8852f2a803 200
[debug] [2021-11-19T15:45:36.122Z] <<< [apiv2][body] POST https://upload-firebasehosting.googleapis.com/upload/sites/car-shop-52dcd/versions/206a5ab938868c61/files/26b0949cf5d10dfee34382a1ae63b88300b6aa7350af40a628948b8852f2a803 [stream]
[debug] [2021-11-19T15:45:36.123Z] [hosting][upload queue][FINAL] {"max":45379,"min":4076,"avg":24727.5,"active":0,"complete":2,"success":2,"errored":0,"retried":4,"total":2,"elapsed":96898}
[info] +  hosting[car-shop-52dcd]: file upload complete 
[debug] [2021-11-19T15:45:36.126Z] [hosting] deploy completed after 98600ms
[debug] [2021-11-19T15:45:36.130Z] [
  {
    "config": {
      "public": "build",
      "ignore": [
        "firebase.json",
        "**/.*",
        "**/node_modules/**"
      ],
      "rewrites": [
        {
          "source": "**",
          "destination": "/index.html"
        }
      ],
      "site": "car-shop-52dcd"
    },
    "site": "car-shop-52dcd",
    "version": "sites/car-shop-52dcd/versions/206a5ab938868c61"
  }
]
[info] i  hosting[car-shop-52dcd]: finalizing version... 
[debug] [2021-11-19T15:45:36.131Z] > refreshing access token with scopes: ["email","https://www.googleapis.com/auth/cloud-platform","https://www.googleapis.com/auth/cloudplatformprojects.readonly","https://www.googleapis.com/auth/firebase","openid"]
[debug] [2021-11-19T15:45:36.131Z] >>> HTTP REQUEST POST https://www.googleapis.com/oauth2/v3/token  
 <request body omitted>
[debug] [2021-11-19T15:45:36.357Z] <<< HTTP RESPONSE 200 {"expires":"Mon, 01 Jan 1990 00:00:00 GMT","pragma":"no-cache","date":"Fri, 19 Nov 2021 15:44:56 GMT","cache-control":"no-cache, no-store, max-age=0, must-revalidate","content-type":"application/json; charset=utf-8","vary":"X-Origin, Referer, Origin,Accept-Encoding","server":"scaffolding on HTTPServer2","x-xss-protection":"0","x-frame-options":"SAMEORIGIN","x-content-type-options":"nosniff","alt-svc":"h3=\":443\"; ma=2592000,h3-29=\":443\"; ma=2592000,h3-Q050=\":443\"; ma=2592000,h3-Q046=\":443\"; ma=2592000,h3-Q043=\":443\"; ma=2592000,quic=\":443\"; ma=2592000; v=\"46,43\"","accept-ranges":"none","transfer-encoding":"chunked"}
[debug] [2021-11-19T15:45:36.364Z] >>> HTTP REQUEST PATCH https://firebasehosting.googleapis.com/v1beta1/sites/car-shop-52dcd/versions/206a5ab938868c61?updateMask=status  
 {"status":"FINALIZED"}
[debug] [2021-11-19T15:45:37.897Z] <<< HTTP RESPONSE 200 {"content-type":"application/json; charset=UTF-8","vary":"X-Origin, Referer, Origin,Accept-Encoding","date":"Fri, 19 Nov 2021 15:44:58 GMT","server":"ESF","cache-control":"private","x-xss-protection":"0","x-frame-options":"SAMEORIGIN","x-content-type-options":"nosniff","alt-svc":"h3=\":443\"; ma=2592000,h3-29=\":443\"; ma=2592000,h3-Q050=\":443\"; ma=2592000,h3-Q046=\":443\"; ma=2592000,h3-Q043=\":443\"; ma=2592000,quic=\":443\"; ma=2592000; v=\"46,43\"","accept-ranges":"none","transfer-encoding":"chunked"}
[debug] [2021-11-19T15:45:37.898Z] [hosting] finalized version for car-shop-52dcd: {"name":"sites/car-shop-52dcd/versions/206a5ab938868c61","status":"FINALIZED","config":{"rewrites":[{"glob":"**","path":"/index.html"}]},"labels":{"deployment-tool":"cli-firebase"},"createTime":"2021-11-19T15:43:17.472108Z","createUser":{"email":"Rejuyanhossainshawon1@gmail.com"},"finalizeTime":"2021-11-19T15:44:58.041586Z","finalizeUser":{"email":"Rejuyanhossainshawon1@gmail.com"}}
[info] +  hosting[car-shop-52dcd]: version finalized 
[info] i  hosting[car-shop-52dcd]: releasing new version... 
[debug] [2021-11-19T15:45:37.900Z] >>> HTTP REQUEST POST https://firebasehosting.googleapis.com/v1beta1/sites/car-shop-52dcd/releases?version_name=sites/car-shop-52dcd/versions/206a5ab938868c61  
 {"message":null}
[debug] [2021-11-19T15:45:59.091Z] Error: connect ETIMEDOUT 74.125.24.95:443
    at TCPConnectWrap.afterConnect [as oncomplete] (net.js:1146:16)
[error] 
[error] Error: Server Error. connect ETIMEDOUT 74.125.24.95:443
